2023-08-24 15:41:54,264[ERROR][main            ][veryval.dailybot.TGBot.Service.BotService] - Cant Connect. Pause 10sec and try again. Error: Error removing old webhook
2023-08-24 15:51:22,121[ERROR][main            ][veryval.dailybot.TGBot.Service.BotService] - Cant Connect. Pause 10sec and try again. Error: Error removing old webhook
2023-08-24 15:53:41,821[ERROR][main            ][veryval.dailybot.TGBot.Service.BotService] - Cant Connect. Pause 10sec and try again. Error: Error removing old webhook
2023-09-04 08:55:19,199[ERROR][elegram Executor][ailybot.TGBot.Service.BotService] - Error:Error executing org.telegram.telegrambots.meta.api.methods.send.SendMessage query: [400] Bad Request: can't parse inline keyboard button: Text buttons are unallowed in the inline keyboard
2023-09-04 08:56:08,066[ERROR][elegram Executor][ailybot.TGBot.Service.BotService] - Error:Error executing org.telegram.telegrambots.meta.api.methods.send.SendMessage query: [400] Bad Request: can't parse inline keyboard button: Text buttons are unallowed in the inline keyboard
2023-09-04 08:58:26,278[ERROR][elegram Executor][ailybot.TGBot.Service.BotService] - Error:Error executing org.telegram.telegrambots.meta.api.methods.send.SendMessage query: [400] Bad Request: can't parse inline keyboard button: Text buttons are unallowed in the inline keyboard
2023-09-04 09:00:09,931[ERROR][elegram Executor][ailybot.TGBot.Service.BotService] - Error:Error executing org.telegram.telegrambots.meta.api.methods.send.SendMessage query: [400] Bad Request: can't parse inline keyboard button: Text buttons are unallowed in the inline keyboard
2023-09-04 09:32:45,462[ERROR][elegram Executor][ailybot.TGBot.Service.BotService] - Error:Error executing org.telegram.telegrambots.meta.api.methods.send.SendMessage query: [400] Bad Request: can't parse inline keyboard button: Text buttons are unallowed in the inline keyboard
2023-09-04 09:35:54,253[ERROR][elegram Executor][ailybot.TGBot.Service.BotService] - Error:Error executing org.telegram.telegrambots.meta.api.methods.send.SendMessage query: [400] Bad Request: can't parse inline keyboard button: Text buttons are unallowed in the inline keyboard
2023-09-04 09:35:57,249[ERROR][elegram Executor][ailybot.TGBot.Service.BotService] - Error:Error executing org.telegram.telegrambots.meta.api.methods.send.SendMessage query: [400] Bad Request: can't parse inline keyboard button: Text buttons are unallowed in the inline keyboard
2023-09-04 09:37:40,213[ERROR][elegram Executor][ailybot.TGBot.Service.BotService] - Error:Error executing org.telegram.telegrambots.meta.api.methods.send.SendMessage query: [400] Bad Request: can't parse inline keyboard button: Text buttons are unallowed in the inline keyboard
2023-09-04 09:37:43,969[ERROR][elegram Executor][ailybot.TGBot.Service.BotService] - Error:Error executing org.telegram.telegrambots.meta.api.methods.send.SendMessage query: [400] Bad Request: can't parse inline keyboard button: Text buttons are unallowed in the inline keyboard
2023-09-04 09:37:45,210[ERROR][elegram Executor][ailybot.TGBot.Service.BotService] - Error:Error executing org.telegram.telegrambots.meta.api.methods.send.SendMessage query: [400] Bad Request: can't parse inline keyboard button: Text buttons are unallowed in the inline keyboard
2023-09-04 09:37:49,609[ERROR][elegram Executor][ailybot.TGBot.Service.BotService] - Error:Error executing org.telegram.telegrambots.meta.api.methods.send.SendMessage query: [400] Bad Request: can't parse inline keyboard button: Text buttons are unallowed in the inline keyboard
2023-09-05 16:27:00,836[ERROR][main            ][ailybot.TGBot.Service.BotService] - Cant Connect. Pause 10sec and try again. Error: Error removing old webhook
2023-09-06 11:40:13,242[ERROR][elegram Executor][ailybot.TGBot.Service.BotService] - Error:org.telegram.telegrambots.meta.exceptions.TelegramApiException: Unable to execute sendmessage method
2023-09-06 11:40:25,277[ERROR][elegram Executor][ailybot.TGBot.Service.BotService] - Error:org.telegram.telegrambots.meta.exceptions.TelegramApiValidationException: Text parameter can't be empty in object: InlineKeyboardButton(text=, url=null, callbackData=null, callbackGame=null, switchInlineQuery=null, switchInlineQueryCurrentChat=null, pay=null, loginUrl=null, webApp=null)
2023-09-06 11:41:03,556[ERROR][elegram Executor][ailybot.TGBot.Service.BotService] - Error:org.telegram.telegrambots.meta.exceptions.TelegramApiValidationException: Text parameter can't be empty in object: InlineKeyboardButton(text=, url=null, callbackData=null, callbackGame=null, switchInlineQuery=null, switchInlineQueryCurrentChat=null, pay=null, loginUrl=null, webApp=null)
2023-09-06 17:35:28,326[ERROR][elegram Executor][ailybot.TGBot.Service.BotService] - Error:org.telegram.telegrambots.meta.exceptions.TelegramApiValidationException: Text parameter can't be empty in object: InlineKeyboardButton(text=, url=null, callbackData=null, callbackGame=null, switchInlineQuery=null, switchInlineQueryCurrentChat=null, pay=null, loginUrl=null, webApp=null)
2023-09-06 17:36:36,817[ERROR][elegram Executor][ailybot.TGBot.Service.BotService] - Error:Error executing org.telegram.telegrambots.meta.api.methods.send.SendMessage query: [400] Bad Request: can't parse inline keyboard button: Text buttons are unallowed in the inline keyboard
2023-09-06 17:36:49,020[ERROR][elegram Executor][ailybot.TGBot.Service.BotService] - Error:Error executing org.telegram.telegrambots.meta.api.methods.send.SendMessage query: [400] Bad Request: can't parse inline keyboard button: Text buttons are unallowed in the inline keyboard
2023-09-06 17:36:49,756[ERROR][elegram Executor][ailybot.TGBot.Service.BotService] - Error:Error executing org.telegram.telegrambots.meta.api.methods.send.SendMessage query: [400] Bad Request: can't parse inline keyboard button: Text buttons are unallowed in the inline keyboard
2023-09-06 17:36:50,104[ERROR][elegram Executor][ailybot.TGBot.Service.BotService] - Error:Error executing org.telegram.telegrambots.meta.api.methods.send.SendMessage query: [400] Bad Request: can't parse inline keyboard button: Text buttons are unallowed in the inline keyboard
2023-09-06 17:36:50,618[ERROR][elegram Executor][ailybot.TGBot.Service.BotService] - Error:Error executing org.telegram.telegrambots.meta.api.methods.send.SendMessage query: [400] Bad Request: can't parse inline keyboard button: Text buttons are unallowed in the inline keyboard
2023-09-06 17:36:54,260[ERROR][elegram Executor][ailybot.TGBot.Service.BotService] - Error:Error executing org.telegram.telegrambots.meta.api.methods.send.SendMessage query: [400] Bad Request: can't parse inline keyboard button: Text buttons are unallowed in the inline keyboard
2023-09-06 17:37:16,245[ERROR][elegram Executor][ailybot.TGBot.Service.BotService] - Error:org.telegram.telegrambots.meta.exceptions.TelegramApiValidationException: Text parameter can't be empty in object: InlineKeyboardButton(text=, url=null, callbackData=null, callbackGame=null, switchInlineQuery=null, switchInlineQueryCurrentChat=null, pay=null, loginUrl=null, webApp=null)
2023-09-09 22:27:12,541[ERROR][elegram Executor][ailybot.TGBot.Service.BotService] - Error:Error executing org.telegram.telegrambots.meta.api.methods.send.SendMessage query: [400] Bad Request: message thread not found
2023-09-09 22:27:17,447[ERROR][elegram Executor][ailybot.TGBot.Service.BotService] - Error:Error executing org.telegram.telegrambots.meta.api.methods.send.SendMessage query: [400] Bad Request: message thread not found
2023-09-09 22:27:26,884[ERROR][elegram Executor][ailybot.TGBot.Service.BotService] - Error:Error executing org.telegram.telegrambots.meta.api.methods.send.SendMessage query: [400] Bad Request: message thread not found
2023-09-09 22:45:23,140[ERROR][elegram Executor][ailybot.TGBot.Service.BotService] - Error:org.telegram.telegrambots.meta.exceptions.TelegramApiValidationException: Text parameter can't be empty in object: InlineKeyboardButton(text=, url=null, callbackData=null, callbackGame=null, switchInlineQuery=null, switchInlineQueryCurrentChat=null, pay=null, loginUrl=null, webApp=null)
2023-09-09 22:45:32,750[ERROR][elegram Executor][ailybot.TGBot.Service.BotService] - Error:org.telegram.telegrambots.meta.exceptions.TelegramApiValidationException: Text parameter can't be empty in object: InlineKeyboardButton(text=, url=null, callbackData=null, callbackGame=null, switchInlineQuery=null, switchInlineQueryCurrentChat=null, pay=null, loginUrl=null, webApp=null)
2023-09-09 22:45:34,390[ERROR][elegram Executor][ailybot.TGBot.Service.BotService] - Error:org.telegram.telegrambots.meta.exceptions.TelegramApiValidationException: Text parameter can't be empty in object: InlineKeyboardButton(text=, url=null, callbackData=null, callbackGame=null, switchInlineQuery=null, switchInlineQueryCurrentChat=null, pay=null, loginUrl=null, webApp=null)
2023-09-09 22:45:34,481[ERROR][elegram Executor][ailybot.TGBot.Service.BotService] - Error:org.telegram.telegrambots.meta.exceptions.TelegramApiValidationException: Text parameter can't be empty in object: InlineKeyboardButton(text=, url=null, callbackData=null, callbackGame=null, switchInlineQuery=null, switchInlineQueryCurrentChat=null, pay=null, loginUrl=null, webApp=null)
2023-09-09 22:45:34,723[ERROR][elegram Executor][ailybot.TGBot.Service.BotService] - Error:org.telegram.telegrambots.meta.exceptions.TelegramApiValidationException: Text parameter can't be empty in object: InlineKeyboardButton(text=, url=null, callbackData=null, callbackGame=null, switchInlineQuery=null, switchInlineQueryCurrentChat=null, pay=null, loginUrl=null, webApp=null)
2023-09-09 22:45:34,888[ERROR][elegram Executor][ailybot.TGBot.Service.BotService] - Error:org.telegram.telegrambots.meta.exceptions.TelegramApiValidationException: Text parameter can't be empty in object: InlineKeyboardButton(text=, url=null, callbackData=null, callbackGame=null, switchInlineQuery=null, switchInlineQueryCurrentChat=null, pay=null, loginUrl=null, webApp=null)
2023-09-09 22:45:37,794[ERROR][elegram Executor][ailybot.TGBot.Service.BotService] - Error:org.telegram.telegrambots.meta.exceptions.TelegramApiValidationException: Text parameter can't be empty in object: InlineKeyboardButton(text=, url=null, callbackData=null, callbackGame=null, switchInlineQuery=null, switchInlineQueryCurrentChat=null, pay=null, loginUrl=null, webApp=null)
2023-09-09 22:45:37,893[ERROR][elegram Executor][ailybot.TGBot.Service.BotService] - Error:org.telegram.telegrambots.meta.exceptions.TelegramApiValidationException: Text parameter can't be empty in object: InlineKeyboardButton(text=, url=null, callbackData=null, callbackGame=null, switchInlineQuery=null, switchInlineQueryCurrentChat=null, pay=null, loginUrl=null, webApp=null)
2023-09-09 22:45:38,395[ERROR][elegram Executor][ailybot.TGBot.Service.BotService] - Error:org.telegram.telegrambots.meta.exceptions.TelegramApiValidationException: Text parameter can't be empty in object: InlineKeyboardButton(text=, url=null, callbackData=null, callbackGame=null, switchInlineQuery=null, switchInlineQueryCurrentChat=null, pay=null, loginUrl=null, webApp=null)
2023-09-09 22:45:38,487[ERROR][elegram Executor][ailybot.TGBot.Service.BotService] - Error:org.telegram.telegrambots.meta.exceptions.TelegramApiValidationException: Text parameter can't be empty in object: InlineKeyboardButton(text=, url=null, callbackData=null, callbackGame=null, switchInlineQuery=null, switchInlineQueryCurrentChat=null, pay=null, loginUrl=null, webApp=null)
2023-09-09 22:45:38,640[ERROR][elegram Executor][ailybot.TGBot.Service.BotService] - Error:org.telegram.telegrambots.meta.exceptions.TelegramApiValidationException: Text parameter can't be empty in object: InlineKeyboardButton(text=, url=null, callbackData=null, callbackGame=null, switchInlineQuery=null, switchInlineQueryCurrentChat=null, pay=null, loginUrl=null, webApp=null)
2023-09-09 22:46:20,173[ERROR][elegram Executor][ailybot.TGBot.Service.BotService] - Error:Error executing org.telegram.telegrambots.meta.api.methods.send.SendMessage query: [400] Bad Request: can't parse inline keyboard button: Text buttons are unallowed in the inline keyboard
2023-09-09 22:51:35,261[ERROR][elegram Executor][ailybot.TGBot.Service.BotService] - Error:org.telegram.telegrambots.meta.exceptions.TelegramApiValidationException: Text parameter can't be empty in object: InlineKeyboardButton(text=, url=null, callbackData=Ваше имя, callbackGame=null, switchInlineQuery=null, switchInlineQueryCurrentChat=null, pay=null, loginUrl=null, webApp=null)
2023-09-09 23:52:20,926[ERROR][elegram Executor][ailybot.TGBot.Service.BotService] - Error:org.telegram.telegrambots.meta.exceptions.TelegramApiValidationException: Text parameter can't be empty in object: InlineKeyboardButton(text=, url=null, callbackData=sss, callbackGame=null, switchInlineQuery=null, switchInlineQueryCurrentChat=null, pay=null, loginUrl=null, webApp=null)
2023-09-18 17:44:42,715[ERROR][main            ][ailybot.TGBot.Service.BotService] - Cant Connect. Pause 10sec and try again. Error: Error removing old webhook
2023-09-18 17:46:53,649[ERROR][main            ][ailybot.TGBot.Service.BotService] - Cant Connect. Pause 10sec and try again. Error: Error removing old webhook
2023-09-18 17:47:37,837[ERROR][main            ][ailybot.TGBot.Service.BotService] - Cant Connect. Pause 10sec and try again. Error: Error removing old webhook
2023-09-18 17:49:17,058[ERROR][main            ][ailybot.TGBot.Service.BotService] - Cant Connect. Pause 10sec and try again. Error: Error removing old webhook
